[20/Mar/2019 14:39:21] "POST /e/liy443/lab7/ HTTP/1.1" 200 13
[20/Mar/2019 14:39:22] "POST /e/liy443/lab7/ HTTP/1.1" 200 13
[20/Mar/2019 14:39:27] "POST /e/liy443/lab7/ HTTP/1.1" 200 13
[20/Mar/2019 14:39:28] "POST /e/liy443/lab7/ HTTP/1.1" 200 13
[20/Mar/2019 14:39:33] "POST /e/liy443/lab7/ HTTP/1.1" 200 13
[20/Mar/2019 14:39:33] "POST /e/liy443/lab7/ HTTP/1.1" 200 13
[20/Mar/2019 14:39:40] "POST /e/liy443/lab7/ HTTP/1.1" 200 4
[22/Mar/2019 19:25:39] "POST /e/liy443/lab7/ HTTP/1.1" 200 13
[23/Mar/2019 17:56:22] "POST /e/liy443/lab7/ HTTP/1.1" 200 13
[23/Mar/2019 17:56:24] "POST /e/liy443/lab7/ HTTP/1.1" 200 13
[23/Mar/2019 18:01:40] "POST /e/liy443/lab7/ HTTP/1.1" 200 13
[23/Mar/2019 18:02:16] "POST /e/liy443/lab7/ HTTP/1.1" 200 4
[23/Mar/2019 21:24:02] "GET /e/liy443 HTTP/1.1" 301 0
[24/Mar/2019 11:54:30] "POST /e/liy443/lab7/ HTTP/1.1" 200 13
[24/Mar/2019 11:55:37] "POST /e/liy443/lab7/ HTTP/1.1" 200 4
[24/Mar/2019 12:01:55] "GET /e/liy443 HTTP/1.1" 301 0
[24/Mar/2019 12:01:55] "GET /e/liy443/ HTTP/1.1" 200 37
[24/Mar/2019 12:02:33] "POST /e/liy443/lab7/ HTTP/1.1" 200 4
[24/Mar/2019 12:02:49] "POST /e/liy443/lab7/ HTTP/1.1" 200 13
[24/Mar/2019 12:02:54] "POST /e/liy443/lab7/ HTTP/1.1" 200 13
[24/Mar/2019 12:02:55] "POST /e/liy443/lab7/ HTTP/1.1" 200 13
[24/Mar/2019 12:02:55] "POST /e/liy443/lab7/ HTTP/1.1" 200 13
[24/Mar/2019 12:02:55] "POST /e/liy443/lab7/ HTTP/1.1" 200 13
[24/Mar/2019 12:02:56] "POST /e/liy443/lab7/ HTTP/1.1" 200 13
[24/Mar/2019 12:04:01] "POST /e/liy443/lab7/ HTTP/1.1" 200 4
[24/Mar/2019 12:04:10] "POST /e/liy443/lab7/ HTTP/1.1" 200 13
[24/Mar/2019 19:18:23] "POST /e/liy443/lab7/ HTTP/1.1" 200 13
[24/Mar/2019 19:18:37] "POST /e/liy443/lab7/ HTTP/1.1" 200 4
[24/Mar/2019 19:53:11] "POST /e/liy443/lab7/ HTTP/1.1" 200 4
[24/Mar/2019 19:53:31] "POST /e/liy443/lab7/ HTTP/1.1" 200 13
[24/Mar/2019 19:53:31] "POST /e/liy443/lab7/ HTTP/1.1" 200 13
[24/Mar/2019 19:53:31] "POST /e/liy443/lab7/ HTTP/1.1" 200 13
[24/Mar/2019 19:53:33] "POST /e/liy443/lab7/ HTTP/1.1" 200 13
[24/Mar/2019 19:53:33] "POST /e/liy443/lab7/ HTTP/1.1" 200 13
[24/Mar/2019 19:53:34] "POST /e/liy443/lab7/ HTTP/1.1" 200 13
[24/Mar/2019 19:53:34] "POST /e/liy443/lab7/ HTTP/1.1" 200 13
[24/Mar/2019 19:53:34] "POST /e/liy443/lab7/ HTTP/1.1" 200 13
[24/Mar/2019 19:53:38] "POST /e/liy443/lab7/ HTTP/1.1" 200 13
[24/Mar/2019 19:53:38] "POST /e/liy443/lab7/ HTTP/1.1" 200 13
[24/Mar/2019 19:53:38] "POST /e/liy443/lab7/ HTTP/1.1" 200 13
[24/Mar/2019 21:51:27] "POST /e/liy443/lab7/ HTTP/1.1" 200 13
[24/Mar/2019 21:51:34] "POST /e/liy443/lab7/ HTTP/1.1" 200 4
[24/Mar/2019 21:51:35] "POST /e/liy443/lab7/ HTTP/1.1" 200 4
[24/Mar/2019 21:51:37] "POST /e/liy443/lab7/ HTTP/1.1" 200 4
[24/Mar/2019 21:51:37] "POST /e/liy443/lab7/ HTTP/1.1" 200 4
[24/Mar/2019 21:51:38] "POST /e/liy443/lab7/ HTTP/1.1" 200 4
[24/Mar/2019 21:51:38] "POST /e/liy443/lab7/ HTTP/1.1" 200 4
[24/Mar/2019 21:51:38] "POST /e/liy443/lab7/ HTTP/1.1" 200 4
[24/Mar/2019 21:51:39] "POST /e/liy443/lab7/ HTTP/1.1" 200 4
[24/Mar/2019 21:51:39] "POST /e/liy443/lab7/ HTTP/1.1" 200 4
[24/Mar/2019 23:03:24] "POST /e/liy443/lab7/ HTTP/1.1" 200 13
[24/Mar/2019 23:03:53] "POST /e/liy443/lab7/ HTTP/1.1" 200 4
[24/Mar/2019 23:03:58] "POST /e/liy443/lab7/ HTTP/1.1" 200 13
[24/Mar/2019 23:04:14] "POST /e/liy443/lab7/ HTTP/1.1" 200 4
[24/Mar/2019 23:27:10] "GET /e/liy443/lab7 HTTP/1.1" 301 0
[24/Mar/2019 23:27:11] "GET /e/liy443/lab7/ HTTP/1.1" 200 13
[25/Mar/2019 02:47:42] "POST /e/liy443/lab7/ HTTP/1.1" 200 4
[25/Mar/2019 02:47:46] "POST /e/liy443/lab7/ HTTP/1.1" 200 13
[25/Mar/2019 02:47:47] "POST /e/liy443/lab7/ HTTP/1.1" 200 13
[25/Mar/2019 02:47:47] "POST /e/liy443/lab7/ HTTP/1.1" 200 13
[25/Mar/2019 08:52:52] "POST /e/liy443/lab7/ HTTP/1.1" 200 13
[25/Mar/2019 13:00:17] "POST /e/liy443/lab7/ HTTP/1.1" 200 4
[25/Mar/2019 13:00:18] "POST /e/liy443/lab7/ HTTP/1.1" 200 4
[25/Mar/2019 18:54:00] "POST /e/liy443/lab7/ HTTP/1.1" 200 4
[25/Mar/2019 18:54:18] "POST /e/liy443/lab7/ HTTP/1.1" 200 13
[25/Mar/2019 19:46:38] "POST /e/liy443/lab7/ HTTP/1.1" 200 13
[25/Mar/2019 19:46:42] "POST /e/liy443/lab7/ HTTP/1.1" 200 13
[25/Mar/2019 19:46:46] "POST /e/liy443/lab7/ HTTP/1.1" 200 13
[25/Mar/2019 19:46:47] "POST /e/liy443/lab7/ HTTP/1.1" 200 13
[25/Mar/2019 19:46:49] "POST /e/liy443/lab7/ HTTP/1.1" 200 13
[25/Mar/2019 19:46:53] "POST /e/liy443/lab7/ HTTP/1.1" 200 13
[25/Mar/2019 19:46:59] "POST /e/liy443/lab7/ HTTP/1.1" 200 4
